#
# There is insufficient memory for the Java Runtime Environment to continue.
# Native memory allocation (mmap) failed to map 536870912 bytes. Error detail: G1 virtual space
# Possible reasons:
#   The system is out of physical RAM or swap space
#   This process is running with CompressedOops enabled, and the Java Heap may be blocking the growth of the native heap
# Possible solutions:
#   Reduce memory load on the system
#   Increase physical memory or swap space
#   Check if swap backing store is full
#   Decrease Java heap size (-Xmx/-Xms)
#   Decrease number of Java threads
#   Decrease Java thread stack sizes (-Xss)
#   Set larger code cache with -XX:ReservedCodeCacheSize=
#   JVM is running with Zero Based Compressed Oops mode in which the Java heap is
#     placed in the first 32GB address space. The Java Heap base address is the
#     maximum limit for the native heap growth. Please use -XX:HeapBaseMinAddress
#     to set the Java Heap base and to place the Java Heap above 32GB virtual address.
# This output file may be truncated or incomplete.
#
#  Out of Memory Error (os_windows.cpp:3603), pid=76864, tid=93012
#
# JRE version:  (21.0.3+9) (build )
# Java VM: OpenJDK 64-Bit Server VM (21.0.3+9-LTS, mixed mode, sharing, tiered, compressed oops, compressed class ptrs, g1 gc, windows-amd64)
# No core dump will be written. Minidumps are not enabled by default on client versions of Windows
#

---------------  S U M M A R Y ------------

Command Line: -Dfile.encoding=UTF-8 -Dstdout.encoding=UTF-8 -Dstderr.encoding=UTF-8 -XX:+ShowCodeDetailsInExceptionMessages fr.hb.verbes_irreguliers.App

Host: AMD Ryzen 5 3600 6-Core Processor              , 12 cores, 31G,  Windows 10 , 64 bit Build 19041 (10.0.19041.4597)
Time: Wed Aug  7 12:00:21 2024 Paris, Madrid (heure duild 19041 (10.0.19041.4597) elapsed time: 0.023358 seconds (0d 0h 0m 0s)

---------------  T H R E A D  ---------------

Current thread (0x0000021e371ed0a0):  JavaThread "Unknown thread" [_thread_in_vm, id=93012, stack(0x000000fb4ff00000,0x000000fb50000000) (1024K)]

Stack: [0x000000fb4ff00000,0x000000fb50000000]
Native frames: (J=compiled Java code, j=interpreted, Vv=VM code, C=native code)
V  [jvm.dll+0x6c8699]
V  [jvm.dll+0x8a2061]
V  [jvm.dll+0x8a458e]
V  [jvm.dll+0x8a4c63]
V  [jvm.dll+0x27e476]
V  [jvm.dll+0x6c4e15]
V  [jvm.dll+0x6b9b0a]
V  [jvm.dll+0x3523ba]
V  [jvm.dll+0x359f66]
V  [jvm.dll+0x3ab1be]
V  [jvm.dll+0x3ab468]
V  [jvm.dll+0x3265fc]
V  [jvm.dll+0x32715b]
V  [jvm.dll+0x86b0b9]
V  [jvm.dll+0x3b81c1]
V  [jvm.dll+0x854318]
V  [jvm.dll+0x44c55e]
V  [jvm.dll+0x44e081]
C  [jli.dll+0x5278]
C  [ucrtbase.dll+0x21bb2]
C  [KERNEL32.DLL+0x17374]
C  [ntdll.dll+0x4cc91]


---------------  P R O C E S S  ---------------

Threads class SMR info:
_java_thread_list=0x00007ffe5b5fe048, length=0, elements={
}

Java Threads: ( => current thread )
Total: 0

Other Threads:
  0x0000021e373a2530 WorkerThread "GC Thread#0"                     [id=93044, stack(0x000000fb50000000,0x000000fb50100000) (1024K)]
  0x0000021e373b3420 ConcurrentGCThread "G1 Main Marker"            [id=92208, stack(0x000000fb50100000,0x000000fb50200000) (1024K)]
  0x0000021e373b3f20 WorkerThread "G1 Conc#0"                       [id=83332, stack(0x000000fb50200000,0x000000fb50300000) (1024K)]

[error occurred during error reporting (printing all threads), id 0xc0000005, EXCEPTION_ACCESS_VIOLATION (0xc0000005) at pc=0x00007ffe5ad08f27]
VM state: not at safepoint (not fully initialized)

VM Mutex/Monitor currently owned by a thread:  ([mutex/lock_event])
[0x00007ffe5b672228] Heap_lock - owner thread: 0x0000021e371ed0a0

Heap address: 0x0000000601c00000, size: 8164 MB, Compressed Oops mode: Zero based, Oop shift amount: 3

CDS archive(s) mapped at: [0x0000000000000000-0x0000000000000000-0x0000000000000000), size 0, SharedBaseAddress: 0x0000000800000000, ArchiveRelocationMode: 1.
Narrow klass base: 0x0000000000000000, Narrow klass shift: 0, Narrow klass range: 0x0

GC Precious Log:
 CardTable entry size: 512
 Card Set container configuration: InlinePtr #cards 4 size 8 Array Of Cards #cards 32 size 80 Howl #buckets 8 coarsen threshold 7372 Howl Bitmap #cards 1024 size 144 coarsen threshold 921 Card regions per heap region 1 cards per card region 8192

Heap:
 garbage-first heap   total 0K, used 0K [0x0000000601c00000, 0x0000000800000000)
  region size 4096K, 0 young (0K), 0 survivors (0K)

[error occurred during error reporting (printing heap information), id 0xc0000005, EXCEPTION_ACCESS_VIOLATION (0xc0000005) at pc=0x00007ffe5b0f2069]
GC Heap History (0 events):
No events

Dll operation events (1 events):
Event: 0.012 Loaded shared library C:\Users\sena la lumiere\.p2\pool\plugins\org.eclipse.justj.openjdk.hotspot.jre.full.win32.x86_64_21.0.3.v20240426-1530\jre\bin\java.dll

Deoptimization events (0 events):
No events

Classes loaded (0 events):
No events

Classes unloaded (0 events):
No events

Classes redefined (0 events):
No events

Internal exceptions (0 events):
No events

ZGC Phase Switch (0 events):
No events

VM Operations (0 events):
No events

Events (0 events):
No events


Dynamic libraries:
0x00007ff768680000 - 0x00007ff76868e000 	C:\Users\sena la lumiere\.p2\pool\plugins\org.eclipse.justj.openjdk.hotspot.jre.full.win32.x86_64_21.0.3.v20240426-1530\jre\bin\javaw.exe
0x00007ffebe3d0000 - 0x00007ffebe5c8000 	C:\WINDOWS\SYSTEM32\ntdll.dll
0x00007ffebcd40000 - 0x00007ffebce01000 	C:\WINDOWS\System32\KERNEL32.DLL
0x00007ffebbdf0000 - 0x00007ffebc0e6000 	C:\WINDOWS\System32\KERNELBASE.dll
0x00007ffebc260000 - 0x00007ffebc360000 	C:\WINDOWS\System32\ucrtbase.dll
0x00007ffe8fe10000 - 0x00007ffe8fe28000 	C:\Users\sena la lumiere\.p2\pool\plugins\org.eclipse.justj.openjdk.hotspot.jre.full.win32.x86_64_21.0.3.v20240426-1530\jre\bin\jli.dll
0x00007ffebcb00000 - 0x00007ffebcc9f000 	C:\WINDOWS\System32\USER32.dll
0x00007ffebbaf0000 - 0x00007ffebbb12000 	C:\WINDOWS\System32\win32u.dll
0x00007ffebcad0000 - 0x00007ffebcafb000 	C:\WINDOWS\System32\GDI32.dll
0x00007ffebc0f0000 - 0x00007ffebc207000 	C:\WINDOWS\System32\gdi32full.dll
0x00007ffebc360000 - 0x00007ffebc3fd000 	C:\WINDOWS\System32\msvcp_win.dll
0x00007ffe96970000 - 0x00007ffe9698b000 	C:\Users\sena la lumiere\.p2\pool\plugins\org.eclipse.justj.openjdk.hotspot.jre.full.win32.x86_64_21.0.3.v20240426-1530\jre\bin\VCRUNTIME140.dll
0x00007ffeb1c70000 - 0x00007ffeb1f0a000 	C:\WINDOWS\WinSxS\amd64_microsoft.windows.common-controls_6595b64144ccf1df_6.0.19041.4355_none_60b8b9eb71f62e16\COMCTL32.dll
0x00007ffebc870000 - 0x00007ffebc90e000 	C:\WINDOWS\System32\msvcrt.dll
0x00007ffebdb30000 - 0x00007ffebdb5f000 	C:\WINDOWS\System32\IMM32.DLL
0x00007ffe9e5c0000 - 0x00007ffe9e5cc000 	C:\Users\sena la lumiere\.p2\pool\plugins\org.eclipse.justj.openjdk.hotspot.jre.full.win32.x86_64_21.0.3.v20240426-1530\jre\bin\vcruntime140_1.dll
0x00007ffe7df40000 - 0x00007ffe7dfce000 	C:\Users\sena la lumiere\.p2\pool\plugins\org.eclipse.justj.openjdk.hotspot.jre.full.win32.x86_64_21.0.3.v20240426-1530\jre\bin\msvcp140.dll
0x00007ffe5a9d0000 - 0x00007ffe5b752000 	C:\Users\sena la lumiere\.p2\pool\plugins\org.eclipse.justj.openjdk.hotspot.jre.full.win32.x86_64_21.0.3.v20240426-1530\jre\bin\server\jvm.dll
0x00007ffebd160000 - 0x00007ffebd210000 	C:\WINDOWS\System32\ADVAPI32.dll
0x00007ffebcca0000 - 0x00007ffebcd40000 	C:\WINDOWS\System32\sechost.dll
0x00007ffebe250000 - 0x00007ffebe373000 	C:\WINDOWS\System32\RPCRT4.dll
0x00007ffebbb20000 - 0x00007ffebbb47000 	C:\WINDOWS\System32\bcrypt.dll
0x00007ffebddd0000 - 0x00007ffebde3b000 	C:\WINDOWS\System32\WS2_32.dll
0x00007ffebb000000 - 0x00007ffebb04b000 	C:\WINDOWS\SYSTEM32\POWRPROF.dll
0x00007ffeb4540000 - 0x00007ffeb4567000 	C:\WINDOWS\SYSTEM32\WINMM.dll
0x00007ffeb2dc0000 - 0x00007ffeb2dca000 	C:\WINDOWS\SYSTEM32\VERSION.dll
0x00007ffebae70000 - 0x00007ffebae82000 	C:\WINDOWS\SYSTEM32\UMPDC.dll
0x00007ffeba280000 - 0x00007ffeba292000 	C:\WINDOWS\SYSTEM32\kernel.appcore.dll
0x00007ffeb2760000 - 0x00007ffeb276a000 	C:\Users\sena la lumiere\.p2\pool\plugins\org.eclipse.justj.openjdk.hotspot.jre.full.win32.x86_64_21.0.3.v20240426-1530\jre\bin\jimage.dll
0x00007ffeb98d0000 - 0x00007ffeb9ab4000 	C:\WINDOWS\SYSTEM32\DBGHELP.DLL
0x00007ffea4f70000 - 0x00007ffea4fa4000 	C:\WINDOWS\SYSTEM32\dbgcore.DLL
0x00007ffebbb50000 - 0x00007ffebbbd2000 	C:\WINDOWS\System32\bcryptPrimitives.dll
0x00007ffe96950000 - 0x00007ffe9696f000 	C:\Users\sena la lumiere\.p2\pool\plugins\org.eclipse.justj.openjdk.hotspot.jre.full.win32.x86_64_21.0.3.v20240426-1530\jre\bin\java.dll

dbghelp: loaded successfully - version: 4.0.5 - missing functions: none
symbol engine: initialized successfully - sym options: 0x614 - pdb path: .;C:\Users\sena la lumiere\.p2\pool\plugins\org.eclipse.justj.openjdk.hotspot.jre.full.win32.x86_64_21.0.3.v20240426-1530\jre\bin;C:\WINDOWS\SYSTEM32;C:\WINDOWS\WinSxS\amd64_microsoft.windows.common-controls_6595b64144ccf1df_6.0.19041.4355_none_60b8b9eb71f62e16;C:\Users\sena la lumiere\.p2\pool\plugins\org.eclipse.justj.openjdk.hotspot.jre.full.win32.x86_64_21.0.3.v20240426-1530\jre\bin\server

VM Arguments:
jvm_args: -Dfile.encoding=UTF-8 -Dstdout.encoding=UTF-8 -Dstderr.encoding=UTF-8 -XX:+ShowCodeDetailsInExceptionMessages 
java_command: fr.hb.verbes_irreguliers.App
java_class_path (initial): D:\Projet\irregular_verbs\bin
Launcher Type: SUN_STANDARD

[Global flags]
     intx CICompilerCount                          = 4                                         {product} {ergonomic}
     uint ConcGCThreads                            = 3                                         {product} {ergonomic}
     uint G1ConcRefinementThreads                  = 10                                        {product} {ergonomic}
   size_t G1HeapRegionSize                         = 4194304                                   {product} {ergonomic}
    uintx GCDrainStackTargetSize                   = 64                                        {product} {ergonomic}
   size_t InitialHeapSize                          = 536870912                                 {product} {ergonomic}
   size_t MarkStackSize                            = 4194304                                   {product} {ergonomic}
   size_t MaxHeapSize                              = 8560574464                                {product} {ergonomic}
   size_t MinHeapDeltaBytes                        = 4194304                                   {product} {ergonomic}
   size_t MinHeapSize                              = 8388608                                   {product} {ergonomic}
    uintx NonNMethodCodeHeapSize                   = 5839372                                {pd product} {ergonomic}
    uintx NonProfiledCodeHeapSize                  = 122909434                              {pd product} {ergonomic}
    uintx ProfiledCodeHeapSize                     = 122909434                              {pd product} {ergonomic}
    uintx ReservedCodeCacheSize                    = 251658240                              {pd product} {ergonomic}
     bool SegmentedCodeCache                       = true                                      {product} {ergonomic}
     bool ShowCodeDetailsInExceptionMessages       = true                                   {manageable} {command line}
   size_t SoftMaxHeapSize                          = 8560574464                             {manageable} {ergonomic}
     bool UseCompressedOops                        = true                           {product lp64_product} {ergonomic}
     bool UseG1GC                                  = true                                      {product} {ergonomic}
     bool UseLargePagesIndividualAllocation        = false                                  {pd product} {ergonomic}

Logging:
Log output configuration:
 #0: stdout all=warning uptime,level,tags foldmultilines=false
 #1: stderr all=off uptime,level,tags foldmultilines=false

Environment Variables:
PATH=C:/Users/sena la lumiere/.p2/pool/plugins/org.eclipse.justj.openjdk.hotspot.jre.full.win32.x86_64_21.0.3.v20240426-1530/jre/bin/server;C:/Users/sena la lumiere/.p2/pool/plugins/org.eclipse.justj.openjdk.hotspot.jre.full.win32.x86_64_21.0.3.v20240426-1530/jre/bin;D:\Gurobi\win64\bin;C:\Program Files\Common Files\Oracle\Java\javapath;C:\ProgramData\Oracle\Java\javapath;C:\Program Files (x86)\Intel\iCLS Client\;C:\Program Files\Intel\iCLS Client\;C:\windows\system32;C:\windows;C:\windows\System32\Wbem;C:\windows\System32\WindowsPowerShell\v1.0\;C:\Program Files (x86)\Windows Live\Shared;C:\Program Files\Intel\Intel(R) Management Engine Components\DAL;C:\Program Files (x86)\Intel\Intel(R) Management Engine Components\DAL;C:\Program Files\Intel\Intel(R) Management Engine Components\IPT;C:\Program Files (x86)\Intel\Intel(R) Management Engine Components\IPT;C:\Program Files (x86)\NVIDIA Corporation\PhysX\Common;C:\WINDOWS\system32;C:\WINDOWS;C:\WINDOWS\System32\Wbem;C:\WINDOWS\System32\WindowsPowerShell\v1.0\;C:\Program Files (x86)\Skype\Phone\;C:\Program Files (x86)\GtkSharp\2.12\bin;C:\WINDOWS\System32\OpenSSH\;C:\Program Files\NVIDIA Corporation\NVIDIA NvDLISR;C:\WINDOWS\system32;C:\WINDOWS;C:\WINDOWS\System32\Wbem;C:\WINDOWS\System32\WindowsPowerShell\v1.0\;C:\WINDOWS\System32\OpenSSH\;C;C:\Program Files\TortoiseGit\bin;C:\Program Files\Git\cmd;D:\Program Files\nodejs\;C:\Users\sena la lumiere\AppData\Local\Programs\Python\Python310\Scripts\;C:\Users\sena la lumiere\AppData\Local\Programs\Python\Python310\;C:\Users\sena la lumiere\.console-ninja\.bin;C:\Ruby27-x64\bin;C:\Users\sena la lumiere\AppData\Local\Programs\Python\Python38-32\Scripts\;C:\Users\sena la lumiere\AppData\Local\Programs\Python\Python38-32\;C:\Users\sena la lumiere\AppData\Local\Microsoft\WindowsApps;C:\Users\sena la lumiere\AppData\Local\atom\bin;C:\Users\sena la lumiere\AppData\Local\Microsoft\WindowsApps;C:\Program Files\JetBrains\PyCharm Community Edition 2020.3\bin;;C:\Users\sena la lumiere\AppData\Local\Programs\Microsoft VS Code\bin;D:\IntelliJ\IntelliJ IDEA Community Edition 2023.3\bin;;C:\Users\sena la lumiere\AppData\Roaming\npm;C:\WINDOWS\System32;
USERNAME=donovan
OS=Windows_NT
PROCESSOR_IDENTIFIER=AMD64 Family 23 Model 113 Stepping 0, AuthenticAMD
TMP=C:\Users\SENALA~1\AppData\Local\Temp
TEMP=C:\Users\SENALA~1\AppData\Local\Temp




Periodic native trim disabled

---------------  S Y S T E M  ---------------

OS:
 Windows 10 , 64 bit Build 19041 (10.0.19041.4597)
OS uptime: 3 days 4:09 hours

CPU: total 12 (initial active 12) (12 cores per cpu, 2 threads per core) family 23 model 113 stepping 0 microcode 0x0, cx8, cmov, fxsr, ht, mmx, 3dnowpref, sse, sse2, sse3, ssse3, sse4a, sse4.1, sse4.2, popcnt, lzcnt, tsc, tscinvbit, avx, avx2, aes, clmul, bmi1, bmi2, adx, sha, fma, vzeroupper, clflush, clflushopt, rdtscp, rdpid, f16c
Processor Information for all 12 processors :
  Max Mhz: 3593, Current Mhz: 2201, Mhz Limit: 3593

Memory: 4k page, system-wide physical 32655M (16240M free)
TotalPageFile size 38654M (AvailPageFile size 518M)
current process WorkingSet (physical memory assigned to process): 10M, peak: 10M
current process commit charge ("private bytes"): 64M, peak: 577M

vm_info: OpenJDK 64-Bit Server VM (21.0.3+9-LTS) for windows-amd64 JRE (21.0.3+9-LTS), built on 2024-04-16T00:00:00Z by "admin" with MS VC++ 17.7 (VS2022)

END.
